<?xml version="1.0" encoding="UTF-8"?>
<!-- Generated by org.testng.reporters.JUnitReportReporter -->
<testsuite hostname="DESKTOP-GHDB9E9" failures="0" tests="5" name="testngexamples.TestNgPrioritites" time="0.020" errors="0" timestamp="18 Nov 2022 14:53:45 GMT" skipped="0">
  <testcase classname="testngexamples.TestNgPrioritites" name="openBrowser" time="0.009"/>
  <testcase classname="testngexamples.TestNgPrioritites" name="registerAccount" time="0.003"/>
  <testcase classname="testngexamples.TestNgPrioritites" name="login" time="0.002"/>
  <testcase classname="testngexamples.TestNgPrioritites" name="sendAnEmail" time="0.004"/>
  <testcase classname="testngexamples.TestNgPrioritites" name="logOut" time="0.002"/>
</testsuite> <!-- testngexamples.TestNgPrioritites -->
