<?xml version="1.0" encoding="UTF-8"?>
<!-- Generated by org.testng.reporters.JUnitReportReporter -->
<testsuite hostname="DESKTOP-GHDB9E9" failures="0" tests="4" name="testngexamples.Priorities" time="0.028" errors="0" timestamp="21 Dec 2022 04:41:04 GMT" skipped="0">
  <testcase classname="testngexamples.Priorities" name="openBrowser" time="0.018"/>
  <testcase classname="testngexamples.Priorities" name="registerAnAccount" time="0.003"/>
  <testcase classname="testngexamples.Priorities" name="login" time="0.003"/>
  <testcase classname="testngexamples.Priorities" name="sendEmail" time="0.004"/>
</testsuite> <!-- testngexamples.Priorities -->
