<?xml version="1.0" encoding="UTF-8"?>
<!-- Generated by org.testng.reporters.JUnitReportReporter -->
<testsuite hostname="DESKTOP-GHDB9E9" failures="0" tests="2" name="TestNgAnnotations.TestNgAnnotations" time="21.439" errors="0" timestamp="13 Aug 2022 14:56:58 GMT" skipped="1">
  <testcase classname="TestNgAnnotations.TestNgAnnotations" name="HRMLogin" time="21.439"/>
  <testcase classname="TestNgAnnotations.TestNgAnnotations" name="HRMResetPassword">
    <skipped/>
  </testcase> <!-- HRMResetPassword -->
</testsuite> <!-- TestNgAnnotations.TestNgAnnotations -->
