<?xml version="1.0" encoding="UTF-8"?>
<!-- Generated by org.testng.reporters.JUnitReportReporter -->
<testsuite hostname="DESKTOP-GHDB9E9" failures="0" tests="2" name="testng.AllAnotations" time="0.005" errors="0" timestamp="24 Feb 2023 12:01:32 GMT" skipped="1">
  <testcase classname="testng.AllAnotations" name="testCase2" time="0.005"/>
  <testcase classname="testng.AllAnotations" name="testCase1">
    <skipped/>
  </testcase> <!-- testCase1 -->
</testsuite> <!-- testng.AllAnotations -->
