<?xml version="1.0" encoding="UTF-8"?>
<!-- Generated by org.testng.reporters.JUnitReportReporter -->
<testsuite hostname="DESKTOP-GHDB9E9" failures="0" tests="4" name="testng.Groups" time="0.020" errors="0" timestamp="21 Dec 2022 04:57:33 GMT" skipped="1">
  <testcase classname="testng.Groups" name="testCase3" time="0.005"/>
  <testcase classname="testng.Groups" name="testCase1" time="0.011"/>
  <testcase classname="testng.Groups" name="testCase2" time="0.004"/>
  <testcase classname="testng.Groups" name="testCase4">
    <skipped/>
  </testcase> <!-- testCase4 -->
</testsuite> <!-- testng.Groups -->
