<?xml version="1.0" encoding="UTF-8"?>
<!-- Generated by org.testng.reporters.JUnitReportReporter -->
<testsuite hostname="DESKTOP-GHDB9E9" failures="0" tests="2" name="testngexamples.AnotationsExample" time="0.029" errors="0" timestamp="16 Nov 2022 15:17:21 GMT" skipped="0">
  <testcase classname="testngexamples.AnotationsExample" name="testCase1" time="0.010"/>
  <testcase classname="testngexamples.AnotationsExample" name="testCase2" time="0.019"/>
</testsuite> <!-- testngexamples.AnotationsExample -->
