<?xml version="1.0" encoding="UTF-8"?>
<!-- Generated by org.testng.reporters.JUnitReportReporter -->
<testsuite hostname="DESKTOP-GHDB9E9" failures="0" tests="2" name="testngexamples.LogintoHRM" time="0.012" errors="0" timestamp="30 Oct 2022 02:53:50 GMT" skipped="1">
  <testcase classname="testngexamples.LogintoHRM" name="searchEmpWithId" time="0.012"/>
  <testcase classname="testngexamples.LogintoHRM" name="searchEmpWithName">
    <skipped/>
  </testcase> <!-- searchEmpWithName -->
</testsuite> <!-- testngexamples.LogintoHRM -->
