<?xml version="1.0" encoding="UTF-8"?>
<!-- Generated by org.testng.reporters.JUnitReportReporter -->
<testsuite hostname="DESKTOP-GHDB9E9" failures="0" tests="4" name="testngexamples.Groups" time="0.027" errors="0" timestamp="11 Nov 2022 06:46:32 GMT" skipped="0">
  <testcase classname="testngexamples.Groups" name="testCase3" time="0.005"/>
  <testcase classname="testngexamples.Groups" name="testCase1" time="0.010"/>
  <testcase classname="testngexamples.Groups" name="testCase4" time="0.011"/>
  <testcase classname="testngexamples.Groups" name="testCase2" time="0.001"/>
</testsuite> <!-- testngexamples.Groups -->
