<?xml version="1.0" encoding="UTF-8"?>
<!-- Generated by org.testng.reporters.JUnitReportReporter -->
<testsuite hostname="DESKTOP-GHDB9E9" failures="0" tests="1" name="testng.HRMLogin" time="10.574" errors="0" timestamp="27 Feb 2023 12:31:33 GMT" skipped="0">
  <testcase classname="testng.HRMLogin" name="hrmLogin" time="10.574"/>
</testsuite> <!-- testng.HRMLogin -->
