<?xml version="1.0" encoding="UTF-8"?>
<!-- Generated by org.testng.reporters.JUnitReportReporter -->
<testsuite hostname="DESKTOP-GHDB9E9" failures="0" tests="2" name="testngexamples.AllAnotations" time="0.018" errors="0" timestamp="11 Nov 2022 06:22:13 GMT" skipped="1">
  <testcase classname="testngexamples.AllAnotations" name="testCase2" time="0.018"/>
  <testcase classname="testngexamples.AllAnotations" name="testCase1">
    <skipped/>
  </testcase> <!-- testCase1 -->
</testsuite> <!-- testngexamples.AllAnotations -->
