<?xml version="1.0" encoding="UTF-8"?>
<!-- Generated by org.testng.reporters.JUnitReportReporter -->
<testsuite hostname="DESKTOP-GHDB9E9" failures="0" tests="3" name="testngexamples.Priorites" time="0.038" errors="0" timestamp="30 Oct 2022 03:04:10 GMT" skipped="0">
  <testcase classname="testngexamples.Priorites" name="registerAccount" time="0.019"/>
  <testcase classname="testngexamples.Priorites" name="login" time="0.009"/>
  <testcase classname="testngexamples.Priorites" name="sendEmail" time="0.010"/>
</testsuite> <!-- testngexamples.Priorites -->
