<?xml version="1.0" encoding="UTF-8"?>
<!-- Generated by org.testng.reporters.JUnitReportReporter -->
<testsuite hostname="DESKTOP-GHDB9E9" failures="0" tests="3" name="testng.Priorities" time="0.004" errors="0" timestamp="27 Feb 2023 12:31:33 GMT" skipped="0">
  <testcase classname="testng.Priorities" name="registerAccount" time="0.003"/>
  <testcase classname="testng.Priorities" name="login" time="0.000"/>
  <testcase classname="testng.Priorities" name="sendEmail" time="0.001"/>
</testsuite> <!-- testng.Priorities -->
