<?xml version="1.0" encoding="UTF-8"?>
<!-- Generated by org.testng.reporters.JUnitReportReporter -->
<testsuite hostname="DESKTOP-GHDB9E9" failures="0" tests="3" name="testng.Dependency" time="0.015" errors="0" timestamp="24 Feb 2023 12:15:55 GMT" skipped="0">
  <testcase classname="testng.Dependency" name="SignIn" time="0.004"/>
  <testcase classname="testng.Dependency" name="OpenBrowser" time="0.009"/>
  <testcase classname="testng.Dependency" name="LogOut" time="0.002"/>
</testsuite> <!-- testng.Dependency -->
