<?xml version="1.0" encoding="UTF-8"?>
<!-- Generated by org.testng.reporters.JUnitReportReporter -->
<testsuite hostname="DESKTOP-GHDB9E9" failures="0" tests="2" name="testngexamples.EnableExample" time="0.009" errors="0" timestamp="20 Dec 2022 05:26:25 GMT" skipped="1">
  <testcase classname="testngexamples.EnableExample" name="testCase2" time="0.009"/>
  <testcase classname="testngexamples.EnableExample" name="testCase1">
    <skipped/>
  </testcase> <!-- testCase1 -->
</testsuite> <!-- testngexamples.EnableExample -->
