<?xml version="1.0" encoding="UTF-8"?>
<!-- Generated by org.testng.reporters.JUnitReportReporter -->
<testsuite hostname="DESKTOP-GHDB9E9" failures="0" tests="2" name="testngexamples.TestNGAnnotations" time="0.022" errors="0" timestamp="30 Oct 2022 02:34:21 GMT" skipped="0">
  <testcase classname="testngexamples.TestNGAnnotations" name="testCase1" time="0.020"/>
  <testcase classname="testngexamples.TestNGAnnotations" name="testCase2" time="0.002"/>
</testsuite> <!-- testngexamples.TestNGAnnotations -->
