<?xml version="1.0" encoding="UTF-8"?>
<!-- Generated by org.testng.reporters.JUnitReportReporter -->
<testsuite hostname="DESKTOP-GHDB9E9" failures="0" tests="1" name="testngexamples.HRMLogin" time="7.964" errors="0" timestamp="22 Dec 2022 04:29:14 GMT" skipped="0">
  <testcase classname="testngexamples.HRMLogin" name="hrmLogin" time="7.964"/>
</testsuite> <!-- testngexamples.HRMLogin -->
