<?xml version="1.0" encoding="UTF-8"?>
<!-- Generated by org.testng.reporters.JUnitReportReporter -->
<testsuite hostname="DESKTOP-GHDB9E9" failures="0" tests="3" name="testngexamples.DependsOnMethods" time="0.031" errors="0" timestamp="30 Oct 2022 03:11:07 GMT" skipped="0">
  <testcase classname="testngexamples.DependsOnMethods" name="login" time="0.003"/>
  <testcase classname="testngexamples.DependsOnMethods" name="openBrowser" time="0.024"/>
  <testcase classname="testngexamples.DependsOnMethods" name="sendEmail" time="0.004"/>
</testsuite> <!-- testngexamples.DependsOnMethods -->
