<?xml version="1.0" encoding="UTF-8"?>
<!-- Generated by org.testng.reporters.JUnitReportReporter -->
<testsuite hostname="DESKTOP-GHDB9E9" failures="0" tests="2" name="testngexamples.GroupsExample" time="0.011" errors="0" timestamp="18 Nov 2022 15:04:43 GMT" skipped="0">
  <testcase classname="testngexamples.GroupsExample" name="testCase1" time="0.009"/>
  <testcase classname="testngexamples.GroupsExample" name="testCase2" time="0.002"/>
</testsuite> <!-- testngexamples.GroupsExample -->
